Exporter version: 2.91-alpha, Blender version: 2.91.0
========= Conversion from Blender to Babylon.js =========
	Scene settings used :
		Inline textures     :  false
		Material Type       :  PBR
		Positions Precision :  4
		Normals Precision   :  3
		UVs Precision       :  3
		Vert Color Precision:  3
		Mat Weight Precision:  2
		Keep Z-up r-handed  :  no
		Texture directory   :  C:\Users\lucas\Documents\etest\main\assets\models\1\terrain\
	Python World class constructor completed
	WARNING: No active camera has been assigned, or is not in a currently selected Blender layer
	processing begun of mesh:  Landscape
		processing begun of material:  Material.001
			processing texture Material_001_Base_Color
				texture type:  diffuseTexture, mapped using: "UVMap"
		num positions      :  27172
		num normals        :  27172
		num tangents       :  0
		num uvs            :  54344
		num uvs2           :  0
		num colors         :  0
		num triangles      :  32258
========= Writing of JSON file started =========
	writing mesh:  Landscape
========= Writing of JSON file completed =========
========= end of processing =========
elapsed time:  0 min, 2.9336 secs
