Exporter version: 2.91-alpha, Blender version: 2.91.0
========= Conversion from Blender to Babylon.js =========
	Scene settings used :
		Inline textures     :  false
		Material Type       :  PBR
		Positions Precision :  4
		Normals Precision   :  3
		UVs Precision       :  3
		Vert Color Precision:  3
		Mat Weight Precision:  2
		Keep Z-up r-handed  :  no
		Texture directory   :  C:\Users\lucas\Documents\etest\main\assets\levels\levelone\platforms\
	Python World class constructor completed
	processing begun of camera (UniversalCamera):  Camera
	processing begun of mesh:  Default.003
		processing begun of material:  material1.003
			processing texture texture_1
				texture type:  diffuseTexture, mapped using: "UVMap"
		Custom split normals with tangents being used
		num positions      :  56
		num normals        :  56
		num tangents       :  224
		num uvs            :  112
		num uvs2           :  0
		num colors         :  0
		num triangles      :  28
	processing begun of light (POINT):  Light
========= Writing of JSON file started =========
	writing mesh:  Default.003
========= Writing of JSON file completed =========
========= end of processing =========
elapsed time:  0 min, 0.025 secs
