Exporter version: 2.91-alpha, Blender version: 2.91.0
========= Conversion from Blender to Babylon.js =========
	Scene settings used :
		Inline textures     :  false
		Material Type       :  PBR
		Positions Precision :  4
		Normals Precision   :  3
		UVs Precision       :  3
		Vert Color Precision:  3
		Mat Weight Precision:  2
		Keep Z-up r-handed  :  no
		Texture directory   :  C:\Users\lucas\Documents\etest\assets\levels\2\
	Python World class constructor completed
	processing begun of camera (UniversalCamera):  Camera
	processing begun of mesh:  Default
		processing begun of material:  material1
		processing begun of material:  material2
			processing texture texture_1
				texture type:  diffuseTexture, mapped using: "UVMap"
			processing texture texture_2
				texture type:  diffuseTexture, mapped using: "UVMap"
		processing begun of multimaterial:  _1.Multimaterial#0
		Custom split normals with tangents being used
		num positions      :  6892
		num normals        :  6892
		num tangents       :  27568
		num uvs            :  13784
		num uvs2           :  0
		num colors         :  0
		num triangles      :  3446
	processing begun of light (POINT):  Light
========= Writing of JSON file started =========
	writing mesh:  Default
========= Writing of JSON file completed =========
========= end of processing =========
elapsed time:  0 min, 0.4952 secs
