Exporter version: 2.91-alpha, Blender version: 2.91.0
========= Conversion from Blender to Babylon.js =========
	Scene settings used :
		Inline textures     :  false
		Material Type       :  PBR
		Positions Precision :  4
		Normals Precision   :  3
		UVs Precision       :  3
		Vert Color Precision:  3
		Mat Weight Precision:  2
		Keep Z-up r-handed  :  no
		Texture directory   :  C:\Users\lucas\Documents\etest\assets\levels\1\
	Python World class constructor completed
	processing begun of camera (UniversalCamera):  Camera
	processing begun of mesh:  Default
		processing begun of material:  material1
		processing begun of material:  material2
		processing begun of material:  material3
			processing texture texture_1
				texture type:  diffuseTexture, mapped using: "UVMap"
			processing texture texture_2
				texture type:  diffuseTexture, mapped using: "UVMap"
			processing texture texture_3
				texture type:  diffuseTexture, mapped using: "UVMap"
		processing begun of multimaterial:  _1.Multimaterial#0
		Custom split normals with tangents being used
		num positions      :  22028
		num normals        :  22028
		num tangents       :  88112
		num uvs            :  44056
		num uvs2           :  0
		num colors         :  0
		num triangles      :  11014
	processing begun of light (POINT):  Light
========= Writing of JSON file started =========
	writing mesh:  Default
========= Writing of JSON file completed =========
========= end of processing =========
elapsed time:  0 min, 1.4421 secs
