Exporter version: 2.91-alpha, Blender version: 2.91.0
========= Conversion from Blender to Babylon.js =========
	Scene settings used :
		Inline textures     :  false
		Material Type       :  PBR
		Positions Precision :  4
		Normals Precision   :  3
		UVs Precision       :  3
		Vert Color Precision:  3
		Mat Weight Precision:  2
		Keep Z-up r-handed  :  no
		Texture directory   :  C:\Users\lucas\Documents\etest\main\assets\levels\levelone\models\
	Python World class constructor completed
	WARNING: No active camera has been assigned, or is not in a currently selected Blender layer
	processing begun of mesh:  Default.005
		processing begun of material:  material1.005
			processing texture texture_1
				texture type:  diffuseTexture, mapped using: "UVMap"
		Custom split normals with tangents being used
		num positions      :  24
		num normals        :  24
		num tangents       :  96
		num uvs            :  48
		num uvs2           :  0
		num colors         :  0
		num triangles      :  12
========= Writing of JSON file started =========
	writing mesh:  Default.005
========= Writing of JSON file completed =========
========= end of processing =========
elapsed time:  0 min, 0.029 secs
